\BOOKMARK [2][-]{subsection.0.1}{\376\377\000M\000o\000t\000i\000v\000a\000t\000i\000o\000n}{}% 1
\BOOKMARK [2][-]{subsection.0.2}{\376\377\000W\000h\000y\000\040\000B\000i\000t\000w\000i\000s\000e\000\040\000M\000a\000t\000h\000\040\000I\000s\000\040\000W\000a\000v\000e\000\040\000I\000n\000t\000e\000r\000f\000e\000r\000e\000n\000c\000e}{}% 2
\BOOKMARK [2][-]{subsection.0.3}{\376\377\000P\000a\000p\000e\000r\000\040\000O\000r\000g\000a\000n\000i\000z\000a\000t\000i\000o\000n}{}% 3
\BOOKMARK [2][-]{subsection.0.4}{\376\377\000P\000r\000o\000b\000l\000e\000m\000\040\000S\000t\000a\000t\000e\000m\000e\000n\000t}{}% 4
\BOOKMARK [2][-]{subsection.0.5}{\376\377\000G\000F\000\050\0002\0005\0007\000\051\000\040\000G\000e\000o\000m\000e\000t\000r\000i\000c\000\040\000D\000i\000s\000t\000a\000n\000c\000e}{}% 5
\BOOKMARK [2][-]{subsection.0.6}{\376\377\000S\000i\000n\000g\000l\000e\000-\000P\000a\000s\000s\000\040\000P\000a\000r\000a\000l\000l\000e\000l\000\040\000S\000c\000a\000n}{}% 6
\BOOKMARK [2][-]{subsection.0.7}{\376\377\000M\000u\000l\000t\000i\000-\000B\000a\000c\000k\000e\000n\000d\000\040\000D\000i\000s\000p\000a\000t\000c\000h}{}% 7
\BOOKMARK [2][-]{subsection.0.8}{\376\377\000C\000o\000m\000p\000o\000s\000i\000t\000i\000o\000n\000\040\000I\000n\000s\000t\000e\000a\000d\000\040\000o\000f\000\040\000A\000c\000c\000u\000m\000u\000l\000a\000t\000i\000o\000n}{}% 8
\BOOKMARK [2][-]{subsection.0.9}{\376\377\000T\000h\000e\000\040\000A\000u\000t\000o\000r\000e\000g\000r\000e\000s\000s\000i\000v\000e\000\040\000I\000V\000P\000\040\000L\000i\000m\000i\000t\000a\000t\000i\000o\000n}{}% 9
\BOOKMARK [2][-]{subsection.0.10}{\376\377\000T\000h\000e\000\040\000C\000a\000n\000t\000i\000l\000e\000v\000e\000r\000\040\000B\000V\000P\000\040\000F\000o\000r\000m\000u\000l\000a\000t\000i\000o\000n}{}% 10
\BOOKMARK [2][-]{subsection.0.11}{\376\377\000T\000h\000e\000\040\000F\000r\000u\000s\000t\000r\000a\000t\000i\000o\000n\000\040\000E\000n\000g\000i\000n\000e}{}% 11
\BOOKMARK [2][-]{subsection.0.12}{\376\377\000T\000h\000e\000\040\000C\000a\000n\000t\000i\000l\000e\000v\000e\000r\000\040\000G\000e\000n\000e\000r\000a\000t\000i\000o\000n\000\040\000L\000o\000o\000p}{}% 12
\BOOKMARK [2][-]{subsection.0.13}{\376\377\000A\000n\000a\000l\000y\000t\000i\000c\000a\000l\000\040\000P\000h\000a\000s\000e\000\040\000M\000o\000d\000e\000l}{}% 13
\BOOKMARK [3][-]{subsubsection.0.13.1}{\376\377\000P\000h\000a\000s\000e\000\040\000A\000s\000s\000i\000g\000n\000m\000e\000n\000t\000\040\000v\000i\000a\000\040\000P\000r\000i\000m\000e\000\040\000G\000e\000o\000m\000e\000t\000r\000y}{subsection.0.13}% 14
\BOOKMARK [2][-]{subsection.0.14}{\376\377\000S\000e\000q\000u\000e\000n\000t\000i\000a\000l\000\040\000P\000h\000a\000s\000e\000\040\000T\000r\000a\000c\000k\000i\000n\000g\000\040\000a\000n\000d\000\040\000I\000n\000t\000e\000n\000t\000\040\000A\000l\000i\000g\000n\000m\000e\000n\000t}{}% 15
\BOOKMARK [2][-]{subsection.0.15}{\376\377\000G\000e\000o\000m\000e\000t\000r\000i\000c\000\040\000C\000l\000o\000s\000u\000r\000e\000\040\000D\000e\000t\000e\000c\000t\000i\000o\000n}{}% 16
\BOOKMARK [2][-]{subsection.0.16}{\376\377\000A\000d\000v\000a\000n\000t\000a\000g\000e\000s\000\040\000o\000f\000\040\000t\000h\000e\000\040\000A\000n\000a\000l\000y\000t\000i\000c\000a\000l\000\040\000M\000o\000d\000e\000l}{}% 17
\BOOKMARK [2][-]{subsection.0.17}{\376\377\000T\000w\000o\000-\000P\000h\000a\000s\000e\000\040\000R\000e\000t\000r\000i\000e\000v\000a\000l\000\040\000P\000i\000p\000e\000l\000i\000n\000e}{}% 18
\BOOKMARK [2][-]{subsection.0.18}{\376\377\000D\000e\000s\000t\000r\000u\000c\000t\000i\000v\000e\000\040\000I\000n\000t\000e\000r\000f\000e\000r\000e\000n\000c\000e\000\040\000\050\000N\000e\000g\000a\000t\000i\000v\000e\000\040\000C\000o\000n\000s\000t\000r\000a\000i\000n\000t\000s\000\051}{}% 19
\BOOKMARK [2][-]{subsection.0.19}{\376\377\000S\000t\000r\000u\000c\000t\000u\000r\000a\000l\000\040\000L\000a\000y\000o\000u\000t\000:\000\040\000T\000h\000e\000\040\000A\000d\000d\000r\000e\000s\000s\000\040\000P\000l\000a\000n\000e}{}% 20
\BOOKMARK [2][-]{subsection.0.20}{\376\377\000T\000h\000e\000\040\0005\0001\0002\000-\000B\000i\000t\000\040\000N\000a\000t\000i\000v\000e\000\040\000M\000o\000n\000o\000t\000y\000p\000e}{}% 21
\BOOKMARK [2][-]{subsection.0.21}{\376\377\000G\000e\000n\000e\000r\000a\000t\000i\000v\000e\000\040\000C\000o\000o\000r\000d\000i\000n\000a\000t\000e\000\040\000T\000r\000a\000n\000s\000f\000o\000r\000m\000s}{}% 22
\BOOKMARK [2][-]{subsection.0.22}{\376\377\000C\000o\000n\000t\000i\000g\000u\000o\000u\000s\000\040\000G\000P\000U\000-\000D\000i\000s\000p\000a\000t\000c\000h\000\040\000A\000r\000r\000a\000y}{}% 23
\BOOKMARK [2][-]{subsection.0.23}{\376\377\000M\000o\000r\000t\000o\000n\000-\000C\000o\000d\000e\000d\000\040\000S\000p\000a\000t\000i\000a\000l\000\040\000I\000n\000d\000e\000x\000i\000n\000g}{}% 24
\BOOKMARK [2][-]{subsection.0.24}{\376\377\000Z\000i\000p\000f\000i\000a\000n\000\040\000D\000i\000s\000t\000r\000i\000b\000u\000t\000i\000o\000n\000s\000\040\000a\000n\000d\000\040\000C\000o\000l\000l\000i\000s\000i\000o\000n\000-\000a\000s\000-\000C\000o\000m\000p\000r\000e\000s\000s\000i\000o\000n}{}% 25
\BOOKMARK [2][-]{subsection.0.25}{\376\377\000E\000n\000t\000r\000o\000p\000y\000-\000D\000r\000i\000v\000e\000n\000\040\000S\000e\000q\000u\000e\000n\000c\000e\000\040\000B\000o\000u\000n\000d\000a\000r\000i\000e\000s}{}% 26
\BOOKMARK [2][-]{subsection.0.26}{\376\377\000P\000r\000o\000t\000o\000t\000y\000p\000e\000\040\000S\000n\000a\000p\000p\000i\000n\000g\000\040\000a\000n\000d\000\040\000C\000l\000e\000a\000n\000u\000p}{}% 27
\BOOKMARK [2][-]{subsection.0.27}{\376\377\000M\000a\000n\000i\000f\000o\000l\000d\000\040\000M\000a\000s\000k\000i\000n\000g\000\040\000f\000o\000r\000\040\000S\000e\000l\000f\000-\000E\000x\000c\000l\000u\000s\000i\000o\000n}{}% 28
\BOOKMARK [2][-]{subsection.0.28}{\376\377\000T\000h\000e\000\040\000U\000n\000i\000v\000e\000r\000s\000a\000l\000\040\000T\000o\000k\000e\000n\000i\000z\000e\000r}{}% 29
\BOOKMARK [2][-]{subsection.0.29}{\376\377\000T\000h\000e\000\040\000T\000o\000p\000o\000l\000o\000g\000i\000c\000a\000l\000\040\000S\000e\000q\000u\000e\000n\000c\000e\000r}{}% 30
\BOOKMARK [2][-]{subsection.0.30}{\376\377\000C\000l\000o\000s\000e\000d\000-\000L\000o\000o\000p\000\040\000C\000a\000l\000i\000b\000r\000a\000t\000i\000o\000n}{}% 31
\BOOKMARK [2][-]{subsection.0.31}{\376\377\000M\000a\000c\000h\000i\000n\000e\000\040\000A\000r\000c\000h\000i\000t\000e\000c\000t\000u\000r\000e}{}% 32
\BOOKMARK [2][-]{subsection.0.32}{\376\377\000T\000h\000e\000\040\000G\000e\000n\000e\000r\000a\000t\000i\000o\000n\000\040\000L\000o\000o\000p}{}% 33
\BOOKMARK [2][-]{subsection.0.33}{\376\377\000M\000u\000l\000t\000i\000-\000H\000o\000p\000\040\000R\000e\000a\000s\000o\000n\000i\000n\000g\000\040\000v\000i\000a\000\040\000I\000t\000e\000r\000a\000t\000i\000v\000e\000\040\000M\000a\000s\000k\000i\000n\000g}{}% 34
\BOOKMARK [1][-]{section.1}{\376\377\000A\000r\000c\000h\000i\000t\000e\000c\000t\000u\000r\000e}{}% 35
\BOOKMARK [2][-]{subsection.1.1}{\376\377\000T\000h\000e\000\040\000T\000w\000o\000-\000T\000i\000e\000r\000e\000d\000\040\000U\000n\000i\000v\000e\000r\000s\000e\000:\000\040\000A\000d\000d\000r\000e\000s\000s\000\040\000P\000l\000a\000n\000e\000\040\000a\000n\000d\000\040\000L\000o\000g\000i\000c\000\040\000P\000l\000a\000n\000e}{section.1}% 36
\BOOKMARK [3][-]{subsubsection.1.1.1}{\376\377\000T\000h\000e\000\040\000A\000d\000d\000r\000e\000s\000s\000\040\000P\000l\000a\000n\000e\000\040\000\050\000L\000S\000M\000\051\000:\000\040\000T\000h\000e\000\040\000S\000t\000a\000t\000i\000c\000\040\000G\000r\000o\000u\000n\000d}{subsection.1.1}% 37
\BOOKMARK [3][-]{subsubsection.1.1.2}{\376\377\000T\000h\000e\000\040\000L\000o\000g\000i\000c\000\040\000P\000l\000a\000n\000e\000:\000\040\000V\000o\000l\000a\000t\000i\000l\000e\000\040\000R\000e\000a\000s\000o\000n\000i\000n\000g\000\040\000a\000n\000d\000\040\000E\000p\000h\000e\000m\000e\000r\000a\000l\000\040\000R\000e\000g\000i\000s\000t\000e\000r\000s}{subsection.1.1}% 38
\BOOKMARK [1][-]{section.2}{\376\377\000T\000o\000p\000o\000l\000o\000g\000i\000c\000a\000l\000\040\000E\000n\000t\000r\000o\000p\000y\000\040\000R\000o\000u\000t\000i\000n\000g\000:\000\040\000B\000y\000p\000a\000s\000s\000i\000n\000g\000\040\000C\000a\000p\000a\000c\000i\000t\000y\000\040\000L\000i\000m\000i\000t\000s\000\040\000i\000n\000\040\000V\000e\000c\000t\000o\000r\000\040\000S\000y\000m\000b\000o\000l\000i\000c\000\040\000A\000r\000c\000h\000i\000t\000e\000c\000t\000u\000r\000e\000s}{}% 39
\BOOKMARK [2][-]{subsection.2.1}{\376\377\000T\000h\000e\000\040\000S\000h\000a\000n\000n\000o\000n\000\040\000L\000i\000m\000i\000t\000\040\000a\000n\000d\000\040\000t\000h\000e\000\040\000`\000`\000W\000a\000l\000l\000\040\000o\000f\000\040\000O\000n\000e\000s\000'\000'}{section.2}% 40
\BOOKMARK [2][-]{subsection.2.2}{\376\377\000D\000y\000n\000a\000m\000i\000c\000\040\000M\000a\000n\000i\000f\000o\000l\000d\000s\000\040\000a\000s\000\040\000E\000n\000t\000r\000o\000p\000y\000\040\000R\000e\000l\000i\000e\000f\000\040\000V\000a\000l\000v\000e\000s}{section.2}% 41
\BOOKMARK [2][-]{subsection.2.3}{\376\377\000G\000e\000o\000m\000e\000t\000r\000i\000c\000\040\000E\000x\000p\000a\000n\000s\000i\000o\000n\000\040\000a\000n\000d\000\040\000V\000i\000r\000t\000u\000a\000l\000\040\000M\000i\000t\000o\000s\000i\000s}{section.2}% 42
\BOOKMARK [2][-]{subsection.2.4}{\376\377\000S\000t\000a\000t\000e\000\040\000S\000p\000a\000c\000e\000\040\000A\000n\000a\000l\000y\000s\000i\000s\000:\000\040\000T\000o\000p\000o\000l\000o\000g\000y\000\040\000a\000s\000\040\000a\000\040\000C\000a\000p\000a\000c\000i\000t\000y\000\040\000M\000u\000l\000t\000i\000p\000l\000i\000e\000r}{section.2}% 43
\BOOKMARK [2][-]{subsection.2.5}{\376\377\000I\000m\000p\000l\000i\000c\000a\000t\000i\000o\000n\000s\000\040\000f\000o\000r\000\040\000S\000c\000a\000l\000i\000n\000g}{section.2}% 44
\BOOKMARK [2][-]{subsection.2.6}{\376\377\000A\000l\000g\000e\000b\000r\000a\000i\000c\000\040\000T\000o\000p\000o\000l\000o\000g\000y\000\040\000a\000n\000d\000\040\000G\000r\000o\000u\000p\000-\000E\000q\000u\000i\000v\000a\000r\000i\000a\000n\000t\000\040\000C\000o\000m\000p\000u\000t\000a\000t\000i\000o\000n}{section.2}% 45
\BOOKMARK [2][-]{subsection.2.7}{\376\377\000P\000r\000i\000m\000e\000\040\000F\000a\000c\000t\000o\000r\000i\000z\000a\000t\000i\000o\000n\000\040\000a\000s\000\040\000I\000d\000e\000n\000t\000i\000t\000y\000:\000\040\000G\000\366\000d\000e\000l\000\040\000N\000u\000m\000b\000e\000r\000i\000n\000g\000\040\000a\000n\000d\000\040\000A\000r\000i\000t\000h\000m\000e\000t\000i\000c\000\040\000C\000o\000d\000i\000n\000g}{section.2}% 46
\BOOKMARK [2][-]{subsection.2.8}{\376\377\000H\000a\000r\000d\000w\000a\000r\000e\000-\000A\000c\000c\000e\000l\000e\000r\000a\000t\000e\000d\000\040\000S\000y\000m\000b\000o\000l\000i\000c\000\040\000L\000o\000g\000i\000c\000\040\000a\000n\000d\000\040\000W\000r\000i\000t\000e\000-\000O\000p\000t\000i\000m\000i\000z\000e\000d\000\040\000S\000t\000o\000r\000a\000g\000e}{section.2}% 47
\BOOKMARK [2][-]{subsection.2.9}{\376\377\000H\000y\000p\000e\000r\000d\000i\000m\000e\000n\000s\000i\000o\000n\000a\000l\000\040\000C\000o\000m\000p\000u\000t\000i\000n\000g\000\040\000a\000n\000d\000\040\000V\000e\000c\000t\000o\000r\000\040\000S\000y\000m\000b\000o\000l\000i\000c\000\040\000A\000r\000c\000h\000i\000t\000e\000c\000t\000u\000r\000e\000s}{section.2}% 48
\BOOKMARK [2][-]{subsection.2.10}{\376\377\000M\000a\000n\000i\000f\000o\000l\000d\000\040\000C\000a\000p\000a\000c\000i\000t\000y\000\040\000a\000n\000d\000\040\000N\000o\000n\000c\000o\000m\000m\000u\000t\000a\000t\000i\000v\000e\000\040\000P\000r\000o\000d\000u\000c\000t\000\040\000S\000t\000r\000u\000c\000t\000u\000r\000e}{section.2}% 49
\BOOKMARK [2][-]{subsection.2.11}{\376\377\000N\000e\000u\000r\000o\000-\000V\000e\000c\000t\000o\000r\000-\000S\000y\000m\000b\000o\000l\000i\000c\000\040\000A\000r\000c\000h\000i\000t\000e\000c\000t\000u\000r\000e\000s\000\040\000a\000n\000d\000\040\000H\000D\000\040\000C\000o\000m\000p\000u\000t\000i\000n\000g\000\040\000H\000a\000r\000d\000w\000a\000r\000e}{section.2}% 50
\BOOKMARK [2][-]{subsection.2.12}{\376\377\000S\000p\000e\000c\000t\000r\000a\000l\000\040\000E\000m\000b\000e\000d\000d\000i\000n\000g\000\040\000a\000n\000d\000\040\000T\000o\000r\000o\000i\000d\000a\000l\000\040\000M\000a\000n\000i\000f\000o\000l\000d\000\040\000D\000i\000s\000c\000o\000v\000e\000r\000y}{section.2}% 51
\BOOKMARK [2][-]{subsection.2.13}{\376\377\000T\000o\000p\000o\000l\000o\000g\000i\000c\000a\000l\000\040\000N\000e\000u\000r\000a\000l\000\040\000N\000e\000t\000w\000o\000r\000k\000s\000\040\000a\000n\000d\000\040\000t\000h\000e\000\040\000S\000y\000m\000b\000o\000l\000i\000c\000N\000e\000u\000r\000o\000\040\000F\000r\000o\000n\000t\000i\000e\000r}{section.2}% 52
\BOOKMARK [2][-]{subsection.2.14}{\376\377\000T\000o\000p\000o\000l\000o\000g\000i\000c\000a\000l\000\040\000S\000e\000q\000u\000e\000n\000c\000i\000n\000g\000\040\000a\000n\000d\000\040\000B\000o\000u\000n\000d\000a\000r\000y\000\040\000A\000n\000a\000l\000y\000s\000i\000s}{section.2}% 53
\BOOKMARK [3][-]{subsubsection.2.14.1}{\376\377\000M\000D\000L\000\040\000B\000o\000u\000n\000d\000a\000r\000y\000\040\000D\000e\000t\000e\000c\000t\000i\000o\000n\000\040\000a\000n\000d\000\040\000B\000u\000f\000f\000e\000r\000i\000n\000g}{subsection.2.14}% 54
\BOOKMARK [3][-]{subsubsection.2.14.2}{\376\377\000S\000t\000r\000u\000c\000t\000u\000r\000a\000l\000\040\000Z\000-\000S\000c\000o\000r\000e\000s\000\040\000a\000n\000d\000\040\000A\000f\000f\000i\000n\000e\000\040\000T\000r\000a\000n\000s\000i\000t\000i\000o\000n\000s}{subsection.2.14}% 55
\BOOKMARK [1][-]{section.3}{\376\377\000C\000l\000a\000s\000s\000i\000f\000i\000c\000a\000t\000i\000o\000n}{}% 56
\BOOKMARK [2][-]{subsection.3.1}{\376\377\000T\000e\000x\000t\000\040\000C\000l\000a\000s\000s\000i\000f\000i\000c\000a\000t\000i\000o\000n}{section.3}% 57
\BOOKMARK [1][-]{section.4}{\376\377\000C\000o\000d\000e\000g\000e\000n}{}% 58
\BOOKMARK [2][-]{subsection.4.1}{\376\377\000C\000o\000d\000e\000\040\000G\000e\000n\000e\000r\000a\000t\000i\000o\000n\000:\000\040\000M\000u\000l\000t\000i\000-\000L\000a\000n\000g\000u\000a\000g\000e\000\040\000C\000o\000v\000e\000r\000a\000g\000e}{section.4}% 59
\BOOKMARK [1][-]{section.5}{\376\377\000I\000m\000a\000g\000e\000g\000e\000n}{}% 60
\BOOKMARK [2][-]{subsection.5.1}{\376\377\000I\000m\000a\000g\000e\000\040\000R\000e\000c\000o\000n\000s\000t\000r\000u\000c\000t\000i\000o\000n\000\040\000\050\000C\000I\000F\000A\000R\000-\0001\0000\000\051}{section.5}% 61
\BOOKMARK [1][-]{section.6}{\376\377\000L\000o\000g\000i\000c}{}% 62
\BOOKMARK [2][-]{subsection.6.1}{\376\377\000b\000A\000b\000I\000\040\000Q\000A\000\040\000T\000a\000s\000k\000\040\0001\000:\000\040\000S\000i\000n\000g\000l\000e\000\040\000S\000u\000p\000p\000o\000r\000t\000i\000n\000g\000\040\000F\000a\000c\000t}{section.6}% 63
\BOOKMARK [2][-]{subsection.6.2}{\376\377\000S\000e\000m\000a\000n\000t\000i\000c\000\040\000A\000l\000g\000e\000b\000r\000a\000\040\040\024\000\040\000G\000F\000\050\0002\0005\0007\000\051\000\040\000F\000a\000c\000t\000\040\000C\000a\000n\000c\000e\000l\000l\000a\000t\000i\000o\000n}{section.6}% 64
\BOOKMARK [1][-]{section.7}{\376\377\000M\000i\000s\000c}{}% 65
\BOOKMARK [2][-]{subsection.7.1}{\376\377\000C\000r\000o\000s\000s\000-\000D\000o\000m\000a\000i\000n\000\040\000S\000p\000a\000n\000\040\000C\000o\000m\000p\000l\000e\000t\000i\000o\000n}{section.7}% 66
\BOOKMARK [2][-]{subsection.7.2}{\376\377\000I\000n\000t\000e\000g\000r\000a\000t\000i\000o\000n\000\040\000w\000i\000t\000h\000\040\000G\000e\000m\000m\000a\000\040\0002\000B\000-\000I\000T}{section.7}% 67
\BOOKMARK [2][-]{subsection.7.3}{\376\377\000R\000u\000l\000e\000-\000S\000h\000i\000f\000t\000\040\000A\000d\000a\000p\000t\000a\000t\000i\000o\000n}{section.7}% 68
\BOOKMARK [1][-]{section.8}{\376\377\000P\000h\000a\000s\000e\000d\000i\000a\000l}{}% 69
\BOOKMARK [2][-]{subsection.8.1}{\376\377\000A\000d\000a\000p\000t\000i\000v\000e\000\040\000S\000p\000l\000i\000t}{section.8}% 70
\BOOKMARK [2][-]{subsection.8.2}{\376\377\000C\000h\000u\000n\000k\000i\000n\000g\000\040\000B\000a\000s\000e\000l\000i\000n\000e}{section.8}% 71
\BOOKMARK [2][-]{subsection.8.3}{\376\377\000P\000h\000a\000s\000e\000-\000B\000a\000s\000e\000d\000\040\000C\000o\000n\000s\000t\000r\000a\000i\000n\000t\000\040\000R\000e\000s\000o\000l\000u\000t\000i\000o\000n}{section.8}% 72
\BOOKMARK [2][-]{subsection.8.4}{\376\377\000C\000o\000r\000r\000e\000l\000a\000t\000i\000o\000n\000\040\000L\000e\000n\000g\000t\000h}{section.8}% 73
\BOOKMARK [2][-]{subsection.8.5}{\376\377\000G\000r\000o\000u\000p\000\040\000A\000c\000t\000i\000o\000n\000\040\000E\000q\000u\000i\000v\000a\000r\000i\000a\000n\000c\000e}{section.8}% 74
\BOOKMARK [2][-]{subsection.8.6}{\376\377\000P\000a\000r\000t\000i\000a\000l\000\040\000D\000e\000l\000e\000t\000i\000o\000n}{section.8}% 75
\BOOKMARK [2][-]{subsection.8.7}{\376\377\000P\000e\000r\000m\000u\000t\000a\000t\000i\000o\000n\000\040\000I\000n\000v\000a\000r\000i\000a\000n\000c\000e}{section.8}% 76
\BOOKMARK [2][-]{subsection.8.8}{\376\377\000P\000h\000a\000s\000e\000\040\000C\000o\000h\000e\000r\000e\000n\000c\000e}{section.8}% 77
\BOOKMARK [2][-]{subsection.8.9}{\376\377\000Q\000u\000e\000r\000y\000\040\000R\000o\000b\000u\000s\000t\000n\000e\000s\000s}{section.8}% 78
\BOOKMARK [2][-]{subsection.8.10}{\376\377\000S\000n\000a\000p\000\040\000t\000o\000\040\000S\000u\000r\000f\000a\000c\000e}{section.8}% 79
\BOOKMARK [2][-]{subsection.8.11}{\376\377\000S\000t\000e\000e\000r\000a\000b\000i\000l\000i\000t\000y}{section.8}% 80
\BOOKMARK [2][-]{subsection.8.12}{\376\377\000T\000o\000r\000u\000s\000\040\000N\000a\000v\000i\000g\000a\000t\000i\000o\000n}{section.8}% 81
\BOOKMARK [2][-]{subsection.8.13}{\376\377\000T\000w\000o\000-\000H\000o\000p\000\040\000R\000e\000t\000r\000i\000e\000v\000a\000l}{section.8}% 82
\BOOKMARK [1][-]{section.9}{\376\377\000S\000c\000a\000l\000i\000n\000g}{}% 83
\BOOKMARK [2][-]{subsection.9.1}{\376\377\000B\000e\000s\000t\000F\000i\000l\000l\000\040\000S\000u\000b\000s\000t\000r\000a\000t\000e\000\040\000S\000c\000a\000l\000i\000n\000g}{section.9}% 84
\BOOKMARK [1][-]{section.10}{\376\377\000T\000e\000x\000t\000g\000e\000n}{}% 85
\BOOKMARK [2][-]{subsection.10.1}{\376\377\000C\000o\000m\000p\000o\000s\000i\000t\000i\000o\000n\000a\000l\000\040\000P\000a\000t\000t\000e\000r\000n\000\040\000R\000e\000c\000a\000l\000l\000\040\000\050\000T\000i\000n\000y\000S\000t\000o\000r\000i\000e\000s\000\051}{section.10}% 86
\BOOKMARK [2][-]{subsection.10.2}{\376\377\000O\000u\000t\000-\000o\000f\000-\000C\000o\000r\000p\000u\000s\000\040\000G\000e\000n\000e\000r\000a\000l\000i\000s\000a\000t\000i\000o\000n\000\040\000\050\000W\000i\000k\000i\000T\000e\000x\000t\000-\0002\000\051}{section.10}% 87
\BOOKMARK [2][-]{subsection.10.3}{\376\377\000P\000r\000o\000s\000e\000\040\000C\000h\000a\000i\000n\000i\000n\000g\000\040\000\050\000W\000i\000k\000i\000T\000e\000x\000t\000-\0001\0000\0003\000\051}{section.10}% 88
\BOOKMARK [2][-]{subsection.10.4}{\376\377\000T\000e\000x\000t\000\040\000O\000v\000e\000r\000l\000a\000p\000\040\000G\000e\000n\000e\000r\000a\000t\000i\000o\000n\000\040\000\050\000T\000i\000n\000y\000S\000t\000o\000r\000i\000e\000s\000\051}{section.10}% 89
\BOOKMARK [2][-]{subsection.10.5}{\376\377\000W\000h\000a\000t\000\040\000C\000u\000r\000r\000e\000n\000t\000\040\000E\000v\000i\000d\000e\000n\000c\000e\000\040\000S\000u\000p\000p\000o\000r\000t\000s}{section.10}% 90
\BOOKMARK [2][-]{subsection.10.6}{\376\377\000K\000n\000o\000w\000n\000\040\000L\000i\000m\000i\000t\000a\000t\000i\000o\000n\000s\000\040\000a\000n\000d\000\040\000F\000a\000i\000l\000u\000r\000e\000\040\000M\000o\000d\000e\000s}{section.10}% 91
\BOOKMARK [2][-]{subsection.10.7}{\376\377\000E\000v\000a\000l\000u\000a\000t\000i\000o\000n\000\040\000R\000o\000a\000d\000m\000a\000p}{section.10}% 92
